#! /usr/bin/vvp
:ivl_version "11.0 (stable)";
:ivl_delay_selection "TYPICAL";
:vpi_time_precision + 0;
:vpi_module "/usr/lib/x86_64-linux-gnu/ivl/system.vpi";
:vpi_module "/usr/lib/x86_64-linux-gnu/ivl/vhdl_sys.vpi";
:vpi_module "/usr/lib/x86_64-linux-gnu/ivl/vhdl_textio.vpi";
:vpi_module "/usr/lib/x86_64-linux-gnu/ivl/v2005_math.vpi";
:vpi_module "/usr/lib/x86_64-linux-gnu/ivl/va_math.vpi";
:vpi_module "/usr/lib/x86_64-linux-gnu/ivl/v2009.vpi";
S_0x5558b4a8f6f0 .scope package, "$unit" "$unit" 2 1;
 .timescale 0 0;
S_0x5558b4a8f880 .scope module, "ids_bus" "ids_bus" 3 9;
 .timescale 0 0;
    .port_info 0 /INPUT 1 "i_clk";
    .port_info 1 /INPUT 1 "i_rst_n";
    .port_info 2 /INPUT 32 "i_imem_addr";
    .port_info 3 /INPUT 1 "i_imem_write";
    .port_info 4 /INPUT 1 "i_imem_read";
    .port_info 5 /INPUT 4 "i_imem_size";
    .port_info 6 /INPUT 32 "i_imem_din";
    .port_info 7 /OUTPUT 32 "o_imem_dout";
    .port_info 8 /INPUT 1 "i_req_dmem";
    .port_info 9 /OUTPUT 1 "o_gnt_dmem";
    .port_info 10 /INPUT 32 "i_dmem_addr";
    .port_info 11 /INPUT 1 "i_dmem_write";
    .port_info 12 /INPUT 1 "i_dmem_read";
    .port_info 13 /INPUT 4 "i_dmem_size";
    .port_info 14 /INPUT 32 "i_dmem_din";
    .port_info 15 /OUTPUT 32 "o_dmem_dout";
    .port_info 16 /INPUT 1 "i_req_dma";
    .port_info 17 /OUTPUT 1 "o_gnt_dma";
    .port_info 18 /INPUT 32 "i_dma_addr";
    .port_info 19 /INPUT 1 "i_dma_write";
    .port_info 20 /INPUT 1 "i_dma_read";
    .port_info 21 /INPUT 4 "i_dma_size";
    .port_info 22 /INPUT 32 "i_dma_din";
    .port_info 23 /OUTPUT 32 "o_dma_dout";
    .port_info 24 /OUTPUT 32 "o_imem_addr";
    .port_info 25 /OUTPUT 1 "o_imem_write";
    .port_info 26 /OUTPUT 1 "o_imem_read";
    .port_info 27 /OUTPUT 4 "o_imem_size";
    .port_info 28 /OUTPUT 32 "o_imem_din";
    .port_info 29 /INPUT 32 "i_imem_dout";
    .port_info 30 /OUTPUT 32 "o_dmem_addr";
    .port_info 31 /OUTPUT 1 "o_dmem_write";
    .port_info 32 /OUTPUT 1 "o_dmem_read";
    .port_info 33 /OUTPUT 4 "o_dmem_size";
    .port_info 34 /OUTPUT 32 "o_dmem_din";
    .port_info 35 /INPUT 32 "i_dmem_dout";
    .port_info 36 /OUTPUT 32 "o_uart_addr";
    .port_info 37 /OUTPUT 1 "o_uart_write";
    .port_info 38 /OUTPUT 1 "o_uart_read";
    .port_info 39 /OUTPUT 4 "o_uart_size";
    .port_info 40 /OUTPUT 32 "o_uart_din";
    .port_info 41 /INPUT 32 "i_uart_dout";
P_0x5558b4a4f620 .param/l "ADDR_DMEM" 1 3 70, C4<00000000000000000001000000000000>;
P_0x5558b4a4f660 .param/l "ADDR_IMEM" 1 3 69, C4<00000000000000000000000000000000>;
P_0x5558b4a4f6a0 .param/l "ADDR_UART" 1 3 71, C4<10000000000000000000000000000000>;
o0x7fc92e39a4f8 .functor BUFZ 32, C4<zzzzzzzzzzzzzzzzzzzzzzzzzzzzzzzz>; HiZ drive
L_0x5558b4a7e620 .functor BUFZ 32, o0x7fc92e39a4f8, C4<00000000000000000000000000000000>, C4<00000000000000000000000000000000>, C4<00000000000000000000000000000000>;
o0x7fc92e39a588 .functor BUFZ 1, C4<z>; HiZ drive
L_0x5558b4abfee0 .functor BUFZ 1, o0x7fc92e39a588, C4<0>, C4<0>, C4<0>;
o0x7fc92e39a5e8 .functor BUFZ 1, C4<z>; HiZ drive
L_0x5558b4abffb0 .functor BUFZ 1, o0x7fc92e39a5e8, C4<0>, C4<0>, C4<0>;
o0x7fc92e39a5b8 .functor BUFZ 4, C4<zzzz>; HiZ drive
L_0x5558b4ac0080 .functor BUFZ 4, o0x7fc92e39a5b8, C4<0000>, C4<0000>, C4<0000>;
o0x7fc92e39a528 .functor BUFZ 32, C4<zzzzzzzzzzzzzzzzzzzzzzzzzzzzzzzz>; HiZ drive
L_0x5558b4ac0180 .functor BUFZ 32, o0x7fc92e39a528, C4<00000000000000000000000000000000>, C4<00000000000000000000000000000000>, C4<00000000000000000000000000000000>;
o0x7fc92e39a558 .functor BUFZ 32, C4<zzzzzzzzzzzzzzzzzzzzzzzzzzzzzzzz>; HiZ drive
L_0x5558b4ac0250 .functor BUFZ 32, o0x7fc92e39a558, C4<00000000000000000000000000000000>, C4<00000000000000000000000000000000>, C4<00000000000000000000000000000000>;
o0x7fc92e39a438 .functor BUFZ 32, C4<zzzzzzzzzzzzzzzzzzzzzzzzzzzzzzzz>; HiZ drive
L_0x5558b4ac0360 .functor BUFZ 32, o0x7fc92e39a438, C4<00000000000000000000000000000000>, C4<00000000000000000000000000000000>, C4<00000000000000000000000000000000>;
v0x5558b4abd2c0_0 .var "dmem_addr_q", 31 0;
o0x7fc92e39a048 .functor BUFZ 1, C4<z>; HiZ drive
v0x5558b4abd3c0_0 .net "i_clk", 0 0, o0x7fc92e39a048;  0 drivers
o0x7fc92e39a2e8 .functor BUFZ 32, C4<zzzzzzzzzzzzzzzzzzzzzzzzzzzzzzzz>; HiZ drive
v0x5558b4abd480_0 .net "i_dma_addr", 31 0, o0x7fc92e39a2e8;  0 drivers
o0x7fc92e39a318 .functor BUFZ 32, C4<zzzzzzzzzzzzzzzzzzzzzzzzzzzzzzzz>; HiZ drive
v0x5558b4abd520_0 .net "i_dma_din", 31 0, o0x7fc92e39a318;  0 drivers
o0x7fc92e39a348 .functor BUFZ 1, C4<z>; HiZ drive
v0x5558b4abd5e0_0 .net "i_dma_read", 0 0, o0x7fc92e39a348;  0 drivers
o0x7fc92e39a378 .functor BUFZ 4, C4<zzzz>; HiZ drive
v0x5558b4abd6f0_0 .net "i_dma_size", 3 0, o0x7fc92e39a378;  0 drivers
o0x7fc92e39a3a8 .functor BUFZ 1, C4<z>; HiZ drive
v0x5558b4abd7d0_0 .net "i_dma_write", 0 0, o0x7fc92e39a3a8;  0 drivers
o0x7fc92e39a3d8 .functor BUFZ 32, C4<zzzzzzzzzzzzzzzzzzzzzzzzzzzzzzzz>; HiZ drive
v0x5558b4abd890_0 .net "i_dmem_addr", 31 0, o0x7fc92e39a3d8;  0 drivers
o0x7fc92e39a408 .functor BUFZ 32, C4<zzzzzzzzzzzzzzzzzzzzzzzzzzzzzzzz>; HiZ drive
v0x5558b4abd970_0 .net "i_dmem_din", 31 0, o0x7fc92e39a408;  0 drivers
v0x5558b4abda50_0 .net "i_dmem_dout", 31 0, o0x7fc92e39a438;  0 drivers
o0x7fc92e39a468 .functor BUFZ 1, C4<z>; HiZ drive
v0x5558b4abdb30_0 .net "i_dmem_read", 0 0, o0x7fc92e39a468;  0 drivers
o0x7fc92e39a498 .functor BUFZ 4, C4<zzzz>; HiZ drive
v0x5558b4abdbf0_0 .net "i_dmem_size", 3 0, o0x7fc92e39a498;  0 drivers
o0x7fc92e39a4c8 .functor BUFZ 1, C4<z>; HiZ drive
v0x5558b4abdcd0_0 .net "i_dmem_write", 0 0, o0x7fc92e39a4c8;  0 drivers
v0x5558b4abdd90_0 .net "i_imem_addr", 31 0, o0x7fc92e39a4f8;  0 drivers
v0x5558b4abde70_0 .net "i_imem_din", 31 0, o0x7fc92e39a528;  0 drivers
v0x5558b4abdf50_0 .net "i_imem_dout", 31 0, o0x7fc92e39a558;  0 drivers
v0x5558b4abe030_0 .net "i_imem_read", 0 0, o0x7fc92e39a588;  0 drivers
v0x5558b4abe0f0_0 .net "i_imem_size", 3 0, o0x7fc92e39a5b8;  0 drivers
v0x5558b4abe1d0_0 .net "i_imem_write", 0 0, o0x7fc92e39a5e8;  0 drivers
o0x7fc92e39a078 .functor BUFZ 1, C4<z>; HiZ drive
v0x5558b4abe290_0 .net "i_req_dma", 0 0, o0x7fc92e39a078;  0 drivers
o0x7fc92e39a0a8 .functor BUFZ 1, C4<z>; HiZ drive
v0x5558b4abe330_0 .net "i_req_dmem", 0 0, o0x7fc92e39a0a8;  0 drivers
o0x7fc92e39a0d8 .functor BUFZ 1, C4<z>; HiZ drive
v0x5558b4abe400_0 .net "i_rst_n", 0 0, o0x7fc92e39a0d8;  0 drivers
o0x7fc92e39a618 .functor BUFZ 32, C4<zzzzzzzzzzzzzzzzzzzzzzzzzzzzzzzz>; HiZ drive
v0x5558b4abe4d0_0 .net "i_uart_dout", 31 0, o0x7fc92e39a618;  0 drivers
v0x5558b4abe570_0 .net "o_dma_dout", 31 0, L_0x5558b4ac0360;  1 drivers
v0x5558b4abe630_0 .var "o_dmem_addr", 31 0;
v0x5558b4abe710_0 .var "o_dmem_din", 31 0;
v0x5558b4abe7f0_0 .var "o_dmem_dout", 31 0;
v0x5558b4abe8d0_0 .var "o_dmem_read", 0 0;
v0x5558b4abe990_0 .var "o_dmem_size", 3 0;
v0x5558b4abea70_0 .var "o_dmem_write", 0 0;
v0x5558b4abeb30_0 .net "o_gnt_dma", 0 0, v0x5558b4abd040_0;  1 drivers
v0x5558b4abec00_0 .net "o_gnt_dmem", 0 0, v0x5558b4abd100_0;  1 drivers
v0x5558b4abecd0_0 .net "o_imem_addr", 31 0, L_0x5558b4a7e620;  1 drivers
v0x5558b4abef80_0 .net "o_imem_din", 31 0, L_0x5558b4ac0180;  1 drivers
v0x5558b4abf060_0 .net "o_imem_dout", 31 0, L_0x5558b4ac0250;  1 drivers
v0x5558b4abf140_0 .net "o_imem_read", 0 0, L_0x5558b4abfee0;  1 drivers
v0x5558b4abf200_0 .net "o_imem_size", 3 0, L_0x5558b4ac0080;  1 drivers
v0x5558b4abf2e0_0 .net "o_imem_write", 0 0, L_0x5558b4abffb0;  1 drivers
v0x5558b4abf3a0_0 .var "o_uart_addr", 31 0;
v0x5558b4abf480_0 .var "o_uart_din", 31 0;
v0x5558b4abf560_0 .var "o_uart_read", 0 0;
v0x5558b4abf620_0 .var "o_uart_size", 3 0;
v0x5558b4abf700_0 .var "o_uart_write", 0 0;
E_0x5558b4a86f60 .event edge, v0x5558b4abd2c0_0, v0x5558b4abda50_0, v0x5558b4abe4d0_0;
E_0x5558b4a874a0/0 .event edge, v0x5558b4abd100_0, v0x5558b4abd040_0, v0x5558b4abd890_0, v0x5558b4abdcd0_0;
E_0x5558b4a874a0/1 .event edge, v0x5558b4abdb30_0, v0x5558b4abdbf0_0, v0x5558b4abd970_0, v0x5558b4abd480_0;
E_0x5558b4a874a0/2 .event edge, v0x5558b4abd6f0_0, v0x5558b4abd520_0;
E_0x5558b4a874a0 .event/or E_0x5558b4a874a0/0, E_0x5558b4a874a0/1, E_0x5558b4a874a0/2;
S_0x5558b4a821c0 .scope module, "arbiter" "ids_arbiter" 3 87, 4 9 0, S_0x5558b4a8f880;
 .timescale 0 0;
    .port_info 0 /INPUT 1 "i_clk";
    .port_info 1 /INPUT 1 "i_rst_n";
    .port_info 2 /INPUT 1 "i_req_dmem";
    .port_info 3 /OUTPUT 1 "o_gnt_dmem";
    .port_info 4 /INPUT 1 "i_req_dma";
    .port_info 5 /OUTPUT 1 "o_gnt_dma";
P_0x5558b4a823a0 .param/l "GNT_DMA" 1 4 24, C4<10>;
P_0x5558b4a823e0 .param/l "GNT_RV" 1 4 23, C4<01>;
P_0x5558b4a82420 .param/l "IDLE" 1 4 22, C4<00>;
v0x5558b4a7e810_0 .var "curr_state", 1 0;
v0x5558b4abcc30_0 .net "i_clk", 0 0, o0x7fc92e39a048;  alias, 0 drivers
v0x5558b4abccf0_0 .net "i_req_dma", 0 0, o0x7fc92e39a078;  alias, 0 drivers
v0x5558b4abcd90_0 .net "i_req_dmem", 0 0, o0x7fc92e39a0a8;  alias, 0 drivers
v0x5558b4abce50_0 .net "i_rst_n", 0 0, o0x7fc92e39a0d8;  alias, 0 drivers
v0x5558b4abcf60_0 .var "next_state", 1 0;
v0x5558b4abd040_0 .var "o_gnt_dma", 0 0;
v0x5558b4abd100_0 .var "o_gnt_dmem", 0 0;
E_0x5558b4a813d0 .event edge, v0x5558b4a7e810_0;
E_0x5558b4a81410 .event edge, v0x5558b4a7e810_0, v0x5558b4abcd90_0, v0x5558b4abccf0_0;
E_0x5558b4a81590/0 .event negedge, v0x5558b4abce50_0;
E_0x5558b4a81590/1 .event posedge, v0x5558b4abcc30_0;
E_0x5558b4a81590 .event/or E_0x5558b4a81590/0, E_0x5558b4a81590/1;
    .scope S_0x5558b4a821c0;
T_0 ;
    %wait E_0x5558b4a81590;
    %load/vec4 v0x5558b4abce50_0;
    %inv;
    %flag_set/vec4 8;
    %jmp/0xz  T_0.0, 8;
    %pushi/vec4 0, 0, 2;
    %assign/vec4 v0x5558b4a7e810_0, 0;
    %jmp T_0.1;
T_0.0 ;
    %load/vec4 v0x5558b4abcf60_0;
    %assign/vec4 v0x5558b4a7e810_0, 0;
T_0.1 ;
    %jmp T_0;
    .thread T_0;
    .scope S_0x5558b4a821c0;
T_1 ;
Ewait_0 .event/or E_0x5558b4a81410, E_0x0;
    %wait Ewait_0;
    %load/vec4 v0x5558b4a7e810_0;
    %dup/vec4;
    %pushi/vec4 0, 0, 2;
    %cmp/u;
    %jmp/1 T_1.0, 6;
    %dup/vec4;
    %pushi/vec4 1, 0, 2;
    %cmp/u;
    %jmp/1 T_1.1, 6;
    %dup/vec4;
    %pushi/vec4 2, 0, 2;
    %cmp/u;
    %jmp/1 T_1.2, 6;
    %pushi/vec4 0, 0, 2;
    %store/vec4 v0x5558b4abcf60_0, 0, 2;
    %jmp T_1.4;
T_1.0 ;
    %load/vec4 v0x5558b4abcd90_0;
    %flag_set/vec4 8;
    %jmp/0xz  T_1.5, 8;
    %pushi/vec4 1, 0, 2;
    %store/vec4 v0x5558b4abcf60_0, 0, 2;
    %jmp T_1.6;
T_1.5 ;
    %load/vec4 v0x5558b4abccf0_0;
    %flag_set/vec4 8;
    %jmp/0xz  T_1.7, 8;
    %pushi/vec4 2, 0, 2;
    %store/vec4 v0x5558b4abcf60_0, 0, 2;
    %jmp T_1.8;
T_1.7 ;
    %pushi/vec4 0, 0, 2;
    %store/vec4 v0x5558b4abcf60_0, 0, 2;
T_1.8 ;
T_1.6 ;
    %jmp T_1.4;
T_1.1 ;
    %load/vec4 v0x5558b4abcd90_0;
    %flag_set/vec4 8;
    %jmp/0xz  T_1.9, 8;
    %pushi/vec4 1, 0, 2;
    %store/vec4 v0x5558b4abcf60_0, 0, 2;
    %jmp T_1.10;
T_1.9 ;
    %load/vec4 v0x5558b4abccf0_0;
    %flag_set/vec4 8;
    %jmp/0xz  T_1.11, 8;
    %pushi/vec4 2, 0, 2;
    %store/vec4 v0x5558b4abcf60_0, 0, 2;
    %jmp T_1.12;
T_1.11 ;
    %pushi/vec4 0, 0, 2;
    %store/vec4 v0x5558b4abcf60_0, 0, 2;
T_1.12 ;
T_1.10 ;
    %jmp T_1.4;
T_1.2 ;
    %load/vec4 v0x5558b4abcd90_0;
    %flag_set/vec4 8;
    %jmp/0xz  T_1.13, 8;
    %pushi/vec4 1, 0, 2;
    %store/vec4 v0x5558b4abcf60_0, 0, 2;
    %jmp T_1.14;
T_1.13 ;
    %load/vec4 v0x5558b4abccf0_0;
    %flag_set/vec4 8;
    %jmp/0xz  T_1.15, 8;
    %pushi/vec4 2, 0, 2;
    %store/vec4 v0x5558b4abcf60_0, 0, 2;
    %jmp T_1.16;
T_1.15 ;
    %pushi/vec4 0, 0, 2;
    %store/vec4 v0x5558b4abcf60_0, 0, 2;
T_1.16 ;
T_1.14 ;
    %jmp T_1.4;
T_1.4 ;
    %pop/vec4 1;
    %jmp T_1;
    .thread T_1, $push;
    .scope S_0x5558b4a821c0;
T_2 ;
Ewait_1 .event/or E_0x5558b4a813d0, E_0x0;
    %wait Ewait_1;
    %pushi/vec4 0, 0, 1;
    %store/vec4 v0x5558b4abd100_0, 0, 1;
    %pushi/vec4 0, 0, 1;
    %store/vec4 v0x5558b4abd040_0, 0, 1;
    %load/vec4 v0x5558b4a7e810_0;
    %dup/vec4;
    %pushi/vec4 1, 0, 2;
    %cmp/u;
    %jmp/1 T_2.0, 6;
    %dup/vec4;
    %pushi/vec4 2, 0, 2;
    %cmp/u;
    %jmp/1 T_2.1, 6;
    %pushi/vec4 0, 0, 1;
    %store/vec4 v0x5558b4abd100_0, 0, 1;
    %pushi/vec4 0, 0, 1;
    %store/vec4 v0x5558b4abd040_0, 0, 1;
    %jmp T_2.3;
T_2.0 ;
    %pushi/vec4 1, 0, 1;
    %store/vec4 v0x5558b4abd100_0, 0, 1;
    %jmp T_2.3;
T_2.1 ;
    %pushi/vec4 1, 0, 1;
    %store/vec4 v0x5558b4abd040_0, 0, 1;
    %jmp T_2.3;
T_2.3 ;
    %pop/vec4 1;
    %jmp T_2;
    .thread T_2, $push;
    .scope S_0x5558b4a8f880;
T_3 ;
    %wait E_0x5558b4a81590;
    %load/vec4 v0x5558b4abe400_0;
    %inv;
    %flag_set/vec4 8;
    %jmp/0xz  T_3.0, 8;
    %pushi/vec4 0, 0, 32;
    %assign/vec4 v0x5558b4abd2c0_0, 0;
    %jmp T_3.1;
T_3.0 ;
    %load/vec4 v0x5558b4abd890_0;
    %assign/vec4 v0x5558b4abd2c0_0, 0;
T_3.1 ;
    %jmp T_3;
    .thread T_3;
    .scope S_0x5558b4a8f880;
T_4 ;
    %wait E_0x5558b4a874a0;
    %load/vec4 v0x5558b4abec00_0;
    %load/vec4 v0x5558b4abeb30_0;
    %concat/vec4; draw_concat_vec4
    %dup/vec4;
    %pushi/vec4 2, 0, 2;
    %cmp/u;
    %jmp/1 T_4.0, 6;
    %dup/vec4;
    %pushi/vec4 1, 0, 2;
    %cmp/u;
    %jmp/1 T_4.1, 6;
    %load/vec4 v0x5558b4abd890_0;
    %store/vec4 v0x5558b4abe630_0, 0, 32;
    %load/vec4 v0x5558b4abdcd0_0;
    %store/vec4 v0x5558b4abea70_0, 0, 1;
    %load/vec4 v0x5558b4abdb30_0;
    %store/vec4 v0x5558b4abe8d0_0, 0, 1;
    %load/vec4 v0x5558b4abdbf0_0;
    %store/vec4 v0x5558b4abe990_0, 0, 4;
    %load/vec4 v0x5558b4abd970_0;
    %store/vec4 v0x5558b4abe710_0, 0, 32;
    %jmp T_4.3;
T_4.0 ;
    %load/vec4 v0x5558b4abd890_0;
    %parti/s 4, 28, 6;
    %dup/vec4;
    %pushi/vec4 0, 0, 4;
    %cmp/u;
    %jmp/1 T_4.4, 6;
    %dup/vec4;
    %pushi/vec4 8, 0, 4;
    %cmp/u;
    %jmp/1 T_4.5, 6;
    %load/vec4 v0x5558b4abd890_0;
    %store/vec4 v0x5558b4abe630_0, 0, 32;
    %load/vec4 v0x5558b4abdcd0_0;
    %store/vec4 v0x5558b4abea70_0, 0, 1;
    %load/vec4 v0x5558b4abdb30_0;
    %store/vec4 v0x5558b4abe8d0_0, 0, 1;
    %load/vec4 v0x5558b4abdbf0_0;
    %store/vec4 v0x5558b4abe990_0, 0, 4;
    %load/vec4 v0x5558b4abd970_0;
    %store/vec4 v0x5558b4abe710_0, 0, 32;
    %jmp T_4.7;
T_4.4 ;
    %load/vec4 v0x5558b4abd890_0;
    %store/vec4 v0x5558b4abe630_0, 0, 32;
    %load/vec4 v0x5558b4abdcd0_0;
    %store/vec4 v0x5558b4abea70_0, 0, 1;
    %load/vec4 v0x5558b4abdb30_0;
    %store/vec4 v0x5558b4abe8d0_0, 0, 1;
    %load/vec4 v0x5558b4abdbf0_0;
    %store/vec4 v0x5558b4abe990_0, 0, 4;
    %load/vec4 v0x5558b4abd970_0;
    %store/vec4 v0x5558b4abe710_0, 0, 32;
    %jmp T_4.7;
T_4.5 ;
    %load/vec4 v0x5558b4abd890_0;
    %store/vec4 v0x5558b4abf3a0_0, 0, 32;
    %load/vec4 v0x5558b4abdcd0_0;
    %store/vec4 v0x5558b4abf700_0, 0, 1;
    %load/vec4 v0x5558b4abdb30_0;
    %store/vec4 v0x5558b4abf560_0, 0, 1;
    %load/vec4 v0x5558b4abdbf0_0;
    %store/vec4 v0x5558b4abf620_0, 0, 4;
    %load/vec4 v0x5558b4abd970_0;
    %store/vec4 v0x5558b4abf480_0, 0, 32;
    %jmp T_4.7;
T_4.7 ;
    %pop/vec4 1;
    %jmp T_4.3;
T_4.1 ;
    %load/vec4 v0x5558b4abd480_0;
    %store/vec4 v0x5558b4abe630_0, 0, 32;
    %pushi/vec4 0, 0, 1;
    %store/vec4 v0x5558b4abea70_0, 0, 1;
    %pushi/vec4 0, 0, 1;
    %store/vec4 v0x5558b4abe8d0_0, 0, 1;
    %load/vec4 v0x5558b4abd6f0_0;
    %store/vec4 v0x5558b4abe990_0, 0, 4;
    %load/vec4 v0x5558b4abd520_0;
    %store/vec4 v0x5558b4abe710_0, 0, 32;
    %jmp T_4.3;
T_4.3 ;
    %pop/vec4 1;
    %jmp T_4;
    .thread T_4, $push;
    .scope S_0x5558b4a8f880;
T_5 ;
    %wait E_0x5558b4a86f60;
    %load/vec4 v0x5558b4abd2c0_0;
    %parti/s 4, 28, 6;
    %dup/vec4;
    %pushi/vec4 0, 0, 4;
    %cmp/u;
    %jmp/1 T_5.0, 6;
    %dup/vec4;
    %pushi/vec4 8, 0, 4;
    %cmp/u;
    %jmp/1 T_5.1, 6;
    %load/vec4 v0x5558b4abda50_0;
    %store/vec4 v0x5558b4abe7f0_0, 0, 32;
    %jmp T_5.3;
T_5.0 ;
    %load/vec4 v0x5558b4abda50_0;
    %store/vec4 v0x5558b4abe7f0_0, 0, 32;
    %jmp T_5.3;
T_5.1 ;
    %load/vec4 v0x5558b4abe4d0_0;
    %store/vec4 v0x5558b4abe7f0_0, 0, 32;
    %jmp T_5.3;
T_5.3 ;
    %pop/vec4 1;
    %jmp T_5;
    .thread T_5, $push;
# The file index is used to find the file name in the following table.
:file_names 5;
    "N/A";
    "<interactive>";
    "-";
    "./bus/ids_bus.sv";
    "./bus/ids_arbiter.sv";
